Using pre-set license
Built from '2020.3/release' branch; Version is '2020.3.1f1 (77a89f25062f) revision 7841951'; Using compiler version '192528614'; Build Type 'Release'
OS: 'Windows 10 Education; OS build 19042.1466; Version 2009; 64bit' Language: 'ko' Physical Memory: 24522 MB
BatchMode: 1, IsHumanControllingUs: 0, StartBugReporterOnCrash: 0, Is64bit: 1, IsPro: 0

 COMMAND LINE ARGUMENTS:
C:\2020.3.1f1\Editor\Unity.exe
-adb2
-batchMode
-noUpm
-name
AssetImportWorker0
-projectPath
F:/2DdefenseProject/2dDefense
-logFile
Logs/AssetImportWorker0.log
-srvPort
1484
Successfully changed project path to: F:/2DdefenseProject/2dDefense
F:/2DdefenseProject/2dDefense
Using Asset Import Pipeline V2.
Refreshing native plugins compatible for Editor in 55.28 ms, found 2 plugins.
Preloading 0 native plugins for Editor in 0.00 ms.
Initialize engine version: 2020.3.1f1 (77a89f25062f)
[Subsystems] Discovering subsystems at path C:/2020.3.1f1/Editor/Data/Resources/UnitySubsystems
[Subsystems] Discovering subsystems at path F:/2DdefenseProject/2dDefense/Assets
GfxDevice: creating device client; threaded=0
Direct3D:
    Version:  Direct3D 11.0 [level 11.1]
    Renderer: NVIDIA GeForce GTX 1660 SUPER (ID=0x21c4)
    Vendor:   
    VRAM:     5991 MB
    Driver:   27.21.14.5671
Initialize mono
Mono path[0] = 'C:/2020.3.1f1/Editor/Data/Managed'
Mono path[1] = 'C:/2020.3.1f1/Editor/Data/MonoBleedingEdge/lib/mono/unityjit'
Mono config path = 'C:/2020.3.1f1/Editor/Data/MonoBleedingEdge/etc'
Using monoOptions --debugger-agent=transport=dt_socket,embedding=1,server=y,suspend=n,address=127.0.0.1:56100
Begin MonoManager ReloadAssembly
Registering precompiled unity dll's ...
Register platform support module: C:/2020.3.1f1/Editor/Data/PlaybackEngines/WindowsStandaloneSupport/UnityEditor.WindowsStandalone.Extensions.dll
Registered in 0.009992 seconds.
Native extension for WindowsStandalone target not found
Refreshing native plugins compatible for Editor in 44.78 ms, found 2 plugins.
Preloading 0 native plugins for Editor in 0.00 ms.
Invoked RoslynAnalysisRunner static constructor.
RoslynAnalysisRunner will not be running.
RoslynAnalysisRunner has terminated.
Mono: successfully reloaded assembly
- Completed reload, in  3.301 seconds
Platform modules already initialized, skipping
Registering precompiled user dll's ...
Registered in 0.013031 seconds.
Begin MonoManager ReloadAssembly
Native extension for WindowsStandalone target not found
Refreshing native plugins compatible for Editor in 53.04 ms, found 2 plugins.
Preloading 0 native plugins for Editor in 0.00 ms.
Invoked RoslynAnalysisRunner static constructor.
RoslynAnalysisRunner will not be running.
RoslynAnalysisRunner has terminated.
Mono: successfully reloaded assembly
- Completed reload, in  1.746 seconds
Platform modules already initialized, skipping
========================================================================
Worker process is ready to serve import requests
Launched and connected shader compiler UnityShaderCompiler.exe after 0.12 seconds
Refreshing native plugins compatible for Editor in 0.58 ms, found 2 plugins.
Preloading 0 native plugins for Editor in 0.00 ms.
Unloading 1828 Unused Serialized files (Serialized files now loaded: 0)
System memory in use before: 88.8 MB.
System memory in use after: 88.7 MB.

Unloading 40 unused Assets to reduce memory usage. Loaded Objects now: 2343.
Total: 2.598800 ms (FindLiveObjects: 0.272200 ms CreateObjectMapping: 0.062200 ms MarkObjects: 2.094000 ms  DeleteObjects: 0.168100 ms)

========================================================================
Received Import Request.
  path: Assets/Macro/Super/NewBehaviourScript.cs
  artifactKey: Guid(3b697f78e21095d428ef730629748110) Importer(815301076,1909f56bfc062723c751e8b465ee728b)
Start importing Assets/Macro/Super/NewBehaviourScript.cs using Guid(3b697f78e21095d428ef730629748110) Importer(815301076,1909f56bfc062723c751e8b465ee728b)  -> (artifact id: '6149578291e0c0bcd9a99215a8002434') in 0.104019 seconds
  Import took 0.108810 seconds .

========================================================================
Received Prepare
Registering precompiled user dll's ...
Registered in 0.013516 seconds.
Begin MonoManager ReloadAssembly
Native extension for WindowsStandalone target not found
Refreshing native plugins compatible for Editor in 1.07 ms, found 2 plugins.
Preloading 0 native plugins for Editor in 0.00 ms.
Invoked RoslynAnalysisRunner static constructor.
RoslynAnalysisRunner will not be running.
RoslynAnalysisRunner has terminated.
Mono: successfully reloaded assembly
- Completed reload, in  1.442 seconds
Platform modules already initialized, skipping
Refreshing native plugins compatible for Editor in 0.76 ms, found 2 plugins.
Preloading 0 native plugins for Editor in 0.00 ms.
Unloading 1823 Unused Serialized files (Serialized files now loaded: 0)
System memory in use before: 88.7 MB.
System memory in use after: 88.7 MB.

Unloading 28 unused Assets to reduce memory usage. Loaded Objects now: 2347.
Total: 3.341500 ms (FindLiveObjects: 0.332300 ms CreateObjectMapping: 0.104600 ms MarkObjects: 2.748000 ms  DeleteObjects: 0.154600 ms)

========================================================================
Received Prepare
Registering precompiled user dll's ...
Registered in 0.011863 seconds.
Begin MonoManager ReloadAssembly
Native extension for WindowsStandalone target not found
Refreshing native plugins compatible for Editor in 0.58 ms, found 2 plugins.
Preloading 0 native plugins for Editor in 0.00 ms.
Invoked RoslynAnalysisRunner static constructor.
RoslynAnalysisRunner will not be running.
RoslynAnalysisRunner has terminated.
Mono: successfully reloaded assembly
- Completed reload, in  1.562 seconds
Platform modules already initialized, skipping
Refreshing native plugins compatible for Editor in 0.59 ms, found 2 plugins.
Preloading 0 native plugins for Editor in 0.00 ms.
Unloading 1822 Unused Serialized files (Serialized files now loaded: 0)
System memory in use before: 88.8 MB.
System memory in use after: 88.8 MB.

Unloading 29 unused Assets to reduce memory usage. Loaded Objects now: 2350.
Total: 2.718700 ms (FindLiveObjects: 0.261400 ms CreateObjectMapping: 0.059300 ms MarkObjects: 2.239800 ms  DeleteObjects: 0.157000 ms)

========================================================================
Received Import Request.
  Time since last request: 47.343228 seconds.
  path: Assets/Macro/Super/Buy.asset
  artifactKey: Guid(f664b3ddd9d346248a9c16a596bbc9c9) Importer(815301076,1909f56bfc062723c751e8b465ee728b)
Start importing Assets/Macro/Super/Buy.asset using Guid(f664b3ddd9d346248a9c16a596bbc9c9) Importer(815301076,1909f56bfc062723c751e8b465ee728b)  -> (artifact id: 'd5b7743291247d5395a42f070fb69fe7') in 0.113640 seconds
  Import took 0.117767 seconds .

========================================================================
Received Import Request.
  Time since last request: 921.132315 seconds.
  path: Assets/Macro/Super/Buy.asset
  artifactKey: Guid(f664b3ddd9d346248a9c16a596bbc9c9) Importer(815301076,1909f56bfc062723c751e8b465ee728b)
Start importing Assets/Macro/Super/Buy.asset using Guid(f664b3ddd9d346248a9c16a596bbc9c9) Importer(815301076,1909f56bfc062723c751e8b465ee728b)  -> (artifact id: 'f725cb709b952eb4ef4e83b3dc2637f9') in 0.479781 seconds
  Import took 0.484222 seconds .

========================================================================
Received Prepare
Registering precompiled user dll's ...
Registered in 0.012610 seconds.
Begin MonoManager ReloadAssembly
Native extension for WindowsStandalone target not found
Refreshing native plugins compatible for Editor in 0.88 ms, found 2 plugins.
Preloading 0 native plugins for Editor in 0.00 ms.
Invoked RoslynAnalysisRunner static constructor.
RoslynAnalysisRunner will not be running.
RoslynAnalysisRunner has terminated.
Mono: successfully reloaded assembly
- Completed reload, in  1.818 seconds
Platform modules already initialized, skipping
Refreshing native plugins compatible for Editor in 0.81 ms, found 2 plugins.
Preloading 0 native plugins for Editor in 0.00 ms.
Unloading 1822 Unused Serialized files (Serialized files now loaded: 0)
System memory in use before: 88.8 MB.
System memory in use after: 88.8 MB.

Unloading 28 unused Assets to reduce memory usage. Loaded Objects now: 2354.
Total: 3.604300 ms (FindLiveObjects: 0.342200 ms CreateObjectMapping: 0.084600 ms MarkObjects: 3.007600 ms  DeleteObjects: 0.168000 ms)

========================================================================
Received Import Request.
  Time since last request: 201.972106 seconds.
  path: Assets/Macro/Base.asset
  artifactKey: Guid(a200372ae6e03e148b496dda4bf1a405) Importer(815301076,1909f56bfc062723c751e8b465ee728b)
Start importing Assets/Macro/Base.asset using Guid(a200372ae6e03e148b496dda4bf1a405) Importer(815301076,1909f56bfc062723c751e8b465ee728b)  -> (artifact id: '65085b6d5ca0925b03e72e40229fd96b') in 0.672642 seconds
  Import took 0.676997 seconds .

========================================================================
Received Import Request.
  Time since last request: 5.607091 seconds.
  path: Assets/Macro/Bar.asset
  artifactKey: Guid(21fc3fac3d2004740a0a299aead3d2da) Importer(815301076,1909f56bfc062723c751e8b465ee728b)
Start importing Assets/Macro/Bar.asset using Guid(21fc3fac3d2004740a0a299aead3d2da) Importer(815301076,1909f56bfc062723c751e8b465ee728b)  -> (artifact id: '48dafb10f6557fcd4c1422d244a56266') in 0.240889 seconds
  Import took 0.245287 seconds .

========================================================================
Received Import Request.
  Time since last request: 0.000285 seconds.
  path: Assets/Macro/BtnUnit.asset
  artifactKey: Guid(1f3dcee1f4c1b6a4189f8b05240322b1) Importer(815301076,1909f56bfc062723c751e8b465ee728b)
Start importing Assets/Macro/BtnUnit.asset using Guid(1f3dcee1f4c1b6a4189f8b05240322b1) Importer(815301076,1909f56bfc062723c751e8b465ee728b) Could not load connection between 'Out' of 'SuperUnit#03bd3...' and 'object' of 'SetVariable#528d4...'.
UnityEngine.StackTraceUtility:ExtractStackTrace ()
UnityEngine.DebugLogHandler:LogFormat (UnityEngine.LogType,UnityEngine.Object,string,object[])
UnityEngine.Logger:Log (UnityEngine.LogType,object)
UnityEngine.Debug:LogWarning (object)
Bolt.UnitConnection`2<Bolt.ValueOutput, Bolt.ValueInput>:HandleDependencies () (at Bolt.Flow.Runtime/Connections/UnitConnection.cs:146)
Ludiq.Graph:OnAfterDependenciesDeserialized () (at Ludiq.Graphs.Runtime/Graph.cs:117)
Ludiq.Serialization:CheckIfDependenciesMet (Ludiq.ISerializationDepender) (at Ludiq.Core.Runtime/Serialization/Serialization.cs:296)
Ludiq.Serialization:AwaitDependencies (Ludiq.ISerializationDepender) (at Ludiq.Core.Runtime/Serialization/Serialization.cs:236)
Ludiq.Graph:OnAfterDeserialize () (at Ludiq.Graphs.Runtime/Graph.cs:98)
Ludiq.FullSerializer.fsSerializationCallbackReceiverProcessor:OnAfterDeserialize (System.Type,object) (at Ludiq.Core.Runtime/Dependencies/FullSerializer/fsISerializationCallbacks.cs:127)
Ludiq.FullSerializer.fsSerializer:Invoke_OnAfterDeserialize (System.Collections.Generic.List`1<Ludiq.FullSerializer.fsObjectProcessor>,System.Type,object) (at Ludiq.Core.Runtime/Dependencies/FullSerializer/fsSerializer.cs:1190)
Ludiq.FullSerializer.fsSerializer:TryDeserialize (Ludiq.FullSerializer.fsData,System.Type,System.Type,object&) (at Ludiq.Core.Runtime/Dependencies/FullSerializer/fsSerializer.cs:675)
Ludiq.FullSerializer.fsReflectedConverter:TryDeserialize (Ludiq.FullSerializer.fsData,object&,System.Type) (at Ludiq.Core.Runtime/Dependencies/FullSerializer/Converters/fsReflectedConverter.cs:97)
Ludiq.FullSerializer.fsSerializer:InternalDeserialize_5_Converter (System.Type,Ludiq.FullSerializer.fsData,System.Type,object&) (at Ludiq.Core.Runtime/Dependencies/FullSerializer/fsSerializer.cs:899)
Ludiq.FullSerializer.fsSerializer:InternalDeserialize_4_Cycles (System.Type,Ludiq.FullSerializer.fsData,System.Type,object&) (at Ludiq.Core.Runtime/Dependencies/FullSerializer/fsSerializer.cs:889)
Ludiq.FullSerializer.fsSerializer:InternalDeserialize_3_Inheritance (System.Type,Ludiq.FullSerializer.fsData,System.Type,object&,System.Collections.Generic.List`1<Ludiq.FullSerializer.fsObjectProcessor>&) (at Ludiq.Core.Runtime/Dependencies/FullSerializer/fsSerializer.cs:864)
Ludiq.FullSerializer.fsSerializer:InternalDeserialize_2_Version (System.Type,Ludiq.FullSerializer.fsData,System.Type,object&,System.Collections.Generic.List`1<Ludiq.FullSerializer.fsObjectProcessor>&) (at Ludiq.Core.Runtime/Dependencies/FullSerializer/fsSerializer.cs:768)
Ludiq.FullSerializer.fsSerializer:InternalDeserialize_1_CycleReference (System.Type,Ludiq.FullSerializer.fsData,System.Type,object&,System.Collections.Generic.List`1<Ludiq.FullSerializer.fsObjectProcessor>&) (at Ludiq.Core.Runtime/Dependencies/FullSerializer/fsSerializer.cs:713)
Ludiq.FullSerializer.fsSerializer:TryDeserialize (Ludiq.FullSerializer.fsData,System.Type,System.Type,object&) (at Ludiq.Core.Runtime/Dependencies/FullSerializer/fsSerializer.cs:666)
Ludiq.Serialization:DeserializeJson (Ludiq.FullSerializer.fsSerializer,string,object&,bool) (at Ludiq.Core.Runtime/Serialization/Serialization.cs:171)
Ludiq.Serialization:DeserializeInto (Ludiq.SerializationData,object&,bool) (at Ludiq.Core.Runtime/Serialization/Serialization.cs:113)
Ludiq.LudiqScriptableObject:UnityEngine.ISerializationCallbackReceiver.OnAfterDeserialize () (at Ludiq.Core.Runtime/Unity/LudiqScriptableObject.cs:50)

(Filename: Bolt.Flow.Runtime/Connections/UnitConnection.cs Line: 146)

Could not load connection between 'Out' of 'SuperUnit#917aa...' and 'minuend' of 'ScalarSubtract#6faac...'.
UnityEngine.StackTraceUtility:ExtractStackTrace ()
UnityEngine.DebugLogHandler:LogFormat (UnityEngine.LogType,UnityEngine.Object,string,object[])
UnityEngine.Logger:Log (UnityEngine.LogType,object)
UnityEngine.Debug:LogWarning (object)
Bolt.UnitConnection`2<Bolt.ValueOutput, Bolt.ValueInput>:HandleDependencies () (at Bolt.Flow.Runtime/Connections/UnitConnection.cs:146)
Ludiq.Graph:OnAfterDependenciesDeserialized () (at Ludiq.Graphs.Runtime/Graph.cs:117)
Ludiq.Serialization:CheckIfDependenciesMet (Ludiq.ISerializationDepender) (at Ludiq.Core.Runtime/Serialization/Serialization.cs:296)
Ludiq.Serialization:AwaitDependencies (Ludiq.ISerializationDepender) (at Ludiq.Core.Runtime/Serialization/Serialization.cs:236)
Ludiq.Graph:OnAfterDeserialize () (at Ludiq.Graphs.Runtime/Graph.cs:98)
Ludiq.FullSerializer.fsSerializationCallbackReceiverProcessor:OnAfterDeserialize (System.Type,object) (at Ludiq.Core.Runtime/Dependencies/FullSerializer/fsISerializationCallbacks.cs:127)
Ludiq.FullSerializer.fsSerializer:Invoke_OnAfterDeserialize (System.Collections.Generic.List`1<Ludiq.FullSerializer.fsObjectProcessor>,System.Type,object) (at Ludiq.Core.Runtime/Dependencies/FullSerializer/fsSerializer.cs:1190)
Ludiq.FullSerializer.fsSerializer:TryDeserialize (Ludiq.FullSerializer.fsData,System.Type,System.Type,object&) (at Ludiq.Core.Runtime/Dependencies/FullSerializer/fsSerializer.cs:675)
Ludiq.FullSerializer.fsReflectedConverter:TryDeserialize (Ludiq.FullSerializer.fsData,object&,System.Type) (at Ludiq.Core.Runtime/Dependencies/FullSerializer/Converters/fsReflectedConverter.cs:97)
Ludiq.FullSerializer.fsSerializer:InternalDeserialize_5_Converter (System.Type,Ludiq.FullSerializer.fsData,System.Type,object&) (at Ludiq.Core.Runtime/Dependencies/FullSerializer/fsSerializer.cs:899)
Ludiq.FullSerializer.fsSerializer:InternalDeserialize_4_Cycles (System.Type,Ludiq.FullSerializer.fsData,System.Type,object&) (at Ludiq.Core.Runtime/Dependencies/FullSerializer/fsSerializer.cs:889)
Ludiq.FullSerializer.fsSerializer:InternalDeserialize_3_Inheritance (System.Type,Ludiq.FullSerializer.fsData,System.Type,object&,System.Collections.Generic.List`1<Ludiq.FullSerializer.fsObjectProcessor>&) (at Ludiq.Core.Runtime/Dependencies/FullSerializer/fsSerializer.cs:864)
Ludiq.FullSerializer.fsSerializer:InternalDeserialize_2_Version (System.Type,Ludiq.FullSerializer.fsData,System.Type,object&,System.Collections.Generic.List`1<Ludiq.FullSerializer.fsObjectProcessor>&) (at Ludiq.Core.Runtime/Dependencies/FullSerializer/fsSerializer.cs:768)
Ludiq.FullSerializer.fsSerializer:InternalDeserialize_1_CycleReference (System.Type,Ludiq.FullSerializer.fsData,System.Type,object&,System.Collections.Generic.List`1<Ludiq.FullSerializer.fsObjectProcessor>&) (at Ludiq.Core.Runtime/Dependencies/FullSerializer/fsSerializer.cs:713)
Ludiq.FullSerializer.fsSerializer:TryDeserialize (Ludiq.FullSerializer.fsData,System.Type,System.Type,object&) (at Ludiq.Core.Runtime/Dependencies/FullSerializer/fsSerializer.cs:666)
Ludiq.Serialization:DeserializeJson (Ludiq.FullSerializer.fsSerializer,string,object&,bool) (at Ludiq.Core.Runtime/Serialization/Serialization.cs:171)
Ludiq.Serialization:DeserializeInto (Ludiq.SerializationData,object&,bool) (at Ludiq.Core.Runtime/Serialization/Serialization.cs:113)
Ludiq.LudiqScriptableObject:UnityEngine.ISerializationCallbackReceiver.OnAfterDeserialize () (at Ludiq.Core.Runtime/Unity/LudiqScriptableObject.cs:50)

(Filename: Bolt.Flow.Runtime/Connections/UnitConnection.cs Line: 146)

Could not load connection between 'Out' of 'SuperUnit#917aa...' and 'a' of 'GreaterOrEqual#8b887...'.
UnityEngine.StackTraceUtility:ExtractStackTrace ()
UnityEngine.DebugLogHandler:LogFormat (UnityEngine.LogType,UnityEngine.Object,string,object[])
UnityEngine.Logger:Log (UnityEngine.LogType,object)
UnityEngine.Debug:LogWarning (object)
Bolt.UnitConnection`2<Bolt.ValueOutput, Bolt.ValueInput>:HandleDependencies () (at Bolt.Flow.Runtime/Connections/UnitConnection.cs:146)
Ludiq.Graph:OnAfterDependenciesDeserialized () (at Ludiq.Graphs.Runtime/Graph.cs:117)
Ludiq.Serialization:CheckIfDependenciesMet (Ludiq.ISerializationDepender) (at Ludiq.Core.Runtime/Serialization/Serialization.cs:296)
Ludiq.Serialization:AwaitDependencies (Ludiq.ISerializationDepender) (at Ludiq.Core.Runtime/Serialization/Serialization.cs:236)
Ludiq.Graph:OnAfterDeserialize () (at Ludiq.Graphs.Runtime/Graph.cs:98)
Ludiq.FullSerializer.fsSerializationCallbackReceiverProcessor:OnAfterDeserialize (System.Type,object) (at Ludiq.Core.Runtime/Dependencies/FullSerializer/fsISerializationCallbacks.cs:127)
Ludiq.FullSerializer.fsSerializer:Invoke_OnAfterDeserialize (System.Collections.Generic.List`1<Ludiq.FullSerializer.fsObjectProcessor>,System.Type,object) (at Ludiq.Core.Runtime/Dependencies/FullSerializer/fsSerializer.cs:1190)
Ludiq.FullSerializer.fsSerializer:TryDeserialize (Ludiq.FullSerializer.fsData,System.Type,System.Type,object&) (at Ludiq.Core.Runtime/Dependencies/FullSerializer/fsSerializer.cs:675)
Ludiq.FullSerializer.fsReflectedConverter:TryDeserialize (Ludiq.FullSerializer.fsData,object&,System.Type) (at Ludiq.Core.Runtime/Dependencies/FullSerializer/Converters/fsReflectedConverter.cs:97)
Ludiq.FullSerializer.fsSerializer:InternalDeserialize_5_Converter (System.Type,Ludiq.FullSerializer.fsData,System.Type,object&) (at Ludiq.Core.Runtime/Dependencies/FullSerializer/fsSerializer.cs:899)
Ludiq.FullSerializer.fsSerializer:InternalDeserialize_4_Cycles (System.Type,Ludiq.FullSerializer.fsData,System.Type,object&) (at Ludiq.Core.Runtime/Dependencies/FullSerializer/fsSerializer.cs:889)
Ludiq.FullSerializer.fsSerializer:InternalDeserialize_3_Inheritance (System.Type,Ludiq.FullSerializer.fsData,System.Type,object&,System.Collections.Generic.List`1<Ludiq.FullSerializer.fsObjectProcessor>&) (at Ludiq.Core.Runtime/Dependencies/FullSerializer/fsSerializer.cs:864)
Ludiq.FullSerializer.fsSerializer:InternalDeserialize_2_Version (System.Type,Ludiq.FullSerializer.fsData,System.Type,object&,System.Collections.Generic.List`1<Ludiq.FullSerializer.fsObjectProcessor>&) (at Ludiq.Core.Runtime/Dependencies/FullSerializer/fsSerializer.cs:768)
Ludiq.FullSerializer.fsSerializer:InternalDeserialize_1_CycleReference (System.Type,Ludiq.FullSerializer.fsData,System.Type,object&,System.Collections.Generic.List`1<Ludiq.FullSerializer.fsObjectProcessor>&) (at Ludiq.Core.Runtime/Dependencies/FullSerializer/fsSerializer.cs:713)
Ludiq.FullSerializer.fsSerializer:TryDeserialize (Ludiq.FullSerializer.fsData,System.Type,System.Type,object&) (at Ludiq.Core.Runtime/Dependencies/FullSerializer/fsSerializer.cs:666)
Ludiq.Serialization:DeserializeJson (Ludiq.FullSerializer.fsSerializer,string,object&,bool) (at Ludiq.Core.Runtime/Serialization/Serialization.cs:171)
Ludiq.Serialization:DeserializeInto (Ludiq.SerializationData,object&,bool) (at Ludiq.Core.Runtime/Serialization/Serialization.cs:113)
Ludiq.LudiqScriptableObject:UnityEngine.ISerializationCallbackReceiver.OnAfterDeserialize () (at Ludiq.Core.Runtime/Unity/LudiqScriptableObject.cs:50)

(Filename: Bolt.Flow.Runtime/Connections/UnitConnection.cs Line: 146)

Could not load connection between 'Out' of 'SuperUnit#27f63...' and 'a' of 'Equal#8ab06...'.
UnityEngine.StackTraceUtility:ExtractStackTrace ()
UnityEngine.DebugLogHandler:LogFormat (UnityEngine.LogType,UnityEngine.Object,string,object[])
UnityEngine.Logger:Log (UnityEngine.LogType,object)
UnityEngine.Debug:LogWarning (object)
Bolt.UnitConnection`2<Bolt.ValueOutput, Bolt.ValueInput>:HandleDependencies () (at Bolt.Flow.Runtime/Connections/UnitConnection.cs:146)
Ludiq.Graph:OnAfterDependenciesDeserialized () (at Ludiq.Graphs.Runtime/Graph.cs:117)
Ludiq.Serialization:CheckIfDependenciesMet (Ludiq.ISerializationDepender) (at Ludiq.Core.Runtime/Serialization/Serialization.cs:296)
Ludiq.Serialization:NotifyDependencyAvailable (Ludiq.ISerializationDependency) (at Ludiq.Core.Runtime/Serialization/Serialization.cs:273)
Ludiq.Serialization:NotifyDependencyDeserialized (Ludiq.ISerializationDependency) (at Ludiq.Core.Runtime/Serialization/Serialization.cs:246)
Ludiq.Macro`1<Bolt.FlowGraph>:OnAfterDeserialize () (at Ludiq.Graphs.Runtime/Macros/Macro.cs:75)
Ludiq.LudiqScriptableObject:UnityEngine.ISerializationCallbackReceiver.OnAfterDeserialize () (at Ludiq.Core.Runtime/Unity/LudiqScriptableObject.cs:51)

(Filename: Bolt.Flow.Runtime/Connections/UnitConnection.cs Line: 146)

Could not load connection between 'value' of 'GetVariable#4b0b3...' and 'Blue' of 'SuperUnit#063dd...'.
UnityEngine.StackTraceUtility:ExtractStackTrace ()
UnityEngine.DebugLogHandler:LogFormat (UnityEngine.LogType,UnityEngine.Object,string,object[])
UnityEngine.Logger:Log (UnityEngine.LogType,object)
UnityEngine.Debug:LogWarning (object)
Bolt.UnitConnection`2<Bolt.ValueOutput, Bolt.ValueInput>:HandleDependencies () (at Bolt.Flow.Runtime/Connections/UnitConnection.cs:146)
Ludiq.Graph:OnAfterDependenciesDeserialized () (at Ludiq.Graphs.Runtime/Graph.cs:117)
Ludiq.Serialization:CheckIfDependenciesMet (Ludiq.ISerializationDepender) (at Ludiq.Core.Runtime/Serialization/Serialization.cs:296)
Ludiq.Serialization:AwaitDependencies (Ludiq.ISerializationDepender) (at Ludiq.Core.Runtime/Serialization/Serialization.cs:236)
Ludiq.Graph:OnAfterDeserialize () (at Ludiq.Graphs.Runtime/Graph.cs:98)
Ludiq.FullSerializer.fsSerializationCallbackReceiverProcessor:OnAfterDeserialize (System.Type,object) (at Ludiq.Core.Runtime/Dependencies/FullSerializer/fsISerializationCallbacks.cs:127)
Ludiq.FullSerializer.fsSerializer:Invoke_OnAfterDeserialize (System.Collections.Generic.List`1<Ludiq.FullSerializer.fsObjectProcessor>,System.Type,object) (at Ludiq.Core.Runtime/Dependencies/FullSerializer/fsSerializer.cs:1190)
Ludiq.FullSerializer.fsSerializer:TryDeserialize (Ludiq.FullSerializer.fsData,System.Type,System.Type,object&) (at Ludiq.Core.Runtime/Dependencies/FullSerializer/fsSerializer.cs:675)
Ludiq.FullSerializer.fsReflectedConverter:TryDeserialize (Ludiq.FullSerializer.fsData,object&,System.Type) (at Ludiq.Core.Runtime/Dependencies/FullSerializer/Converters/fsReflectedConverter.cs:97)
Ludiq.FullSerializer.fsSerializer:InternalDeserialize_5_Converter (System.Type,Ludiq.FullSerializer.fsData,System.Type,object&) (at Ludiq.Core.Runtime/Dependencies/FullSerializer/fsSerializer.cs:899)
Ludiq.FullSerializer.fsSerializer:InternalDeserialize_4_Cycles (System.Type,Ludiq.FullSerializer.fsData,System.Type,object&) (at Ludiq.Core.Runtime/Dependencies/FullSerializer/fsSerializer.cs:889)
Ludiq.FullSerializer.fsSerializer:InternalDeserialize_3_Inheritance (System.Type,Ludiq.FullSerializer.fsData,System.Type,object&,System.Collections.Generic.List`1<Ludiq.FullSerializer.fsObjectProcessor>&) (at Ludiq.Core.Runtime/Dependencies/FullSerializer/fsSerializer.cs:864)
Ludiq.FullSerializer.fsSerializer:InternalDeserialize_2_Version (System.Type,Ludiq.FullSerializer.fsData,System.Type,object&,System.Collections.Generic.List`1<Ludiq.FullSerializer.fsObjectProcessor>&) (at Ludiq.Core.Runtime/Dependencies/FullSerializer/fsSerializer.cs:768)
Ludiq.FullSerializer.fsSerializer:InternalDeserialize_1_CycleReference (System.Type,Ludiq.FullSerializer.fsData,System.Type,object&,System.Collections.Generic.List`1<Ludiq.FullSerializer.fsObjectProcessor>&) (at Ludiq.Core.Runtime/Dependencies/FullSerializer/fsSerializer.cs:713)
Ludiq.FullSerializer.fsSerializer:TryDeserialize (Ludiq.FullSerializer.fsData,System.Type,System.Type,object&) (at Ludiq.Core.Runtime/Dependencies/FullSerializer/fsSerializer.cs:666)
Ludiq.Serialization:DeserializeJson (Ludiq.FullSerializer.fsSerializer,string,object&,bool) (at Ludiq.Core.Runtime/Serialization/Serialization.cs:171)
Ludiq.Serialization:DeserializeInto (Ludiq.SerializationData,object&,bool) (at Ludiq.Core.Runtime/Serialization/Serialization.cs:113)
Ludiq.LudiqScriptableObject:UnityEngine.ISerializationCallbackReceiver.OnAfterDeserialize () (at Ludiq.Core.Runtime/Unity/LudiqScriptableObject.cs:50)

(Filename: Bolt.Flow.Runtime/Connections/UnitConnection.cs Line: 146)

Could not load connection between 'value' of 'GetVariable#99cd9...' and 'Red' of 'SuperUnit#063dd...'.
UnityEngine.StackTraceUtility:ExtractStackTrace ()
UnityEngine.DebugLogHandler:LogFormat (UnityEngine.LogType,UnityEngine.Object,string,object[])
UnityEngine.Logger:Log (UnityEngine.LogType,object)
UnityEngine.Debug:LogWarning (object)
Bolt.UnitConnection`2<Bolt.ValueOutput, Bolt.ValueInput>:HandleDependencies () (at Bolt.Flow.Runtime/Connections/UnitConnection.cs:146)
Ludiq.Graph:OnAfterDependenciesDeserialized () (at Ludiq.Graphs.Runtime/Graph.cs:117)
Ludiq.Serialization:CheckIfDependenciesMet (Ludiq.ISerializationDepender) (at Ludiq.Core.Runtime/Serialization/Serialization.cs:296)
Ludiq.Serialization:AwaitDependencies (Ludiq.ISerializationDepender) (at Ludiq.Core.Runtime/Serialization/Serialization.cs:236)
Ludiq.Graph:OnAfterDeserialize () (at Ludiq.Graphs.Runtime/Graph.cs:98)
Ludiq.FullSerializer.fsSerializationCallbackReceiverProcessor:OnAfterDeserialize (System.Type,object) (at Ludiq.Core.Runtime/Dependencies/FullSerializer/fsISerializationCallbacks.cs:127)
Ludiq.FullSerializer.fsSerializer:Invoke_OnAfterDeserialize (System.Collections.Generic.List`1<Ludiq.FullSerializer.fsObjectProcessor>,System.Type,object) (at Ludiq.Core.Runtime/Dependencies/FullSerializer/fsSerializer.cs:1190)
Ludiq.FullSerializer.fsSerializer:TryDeserialize (Ludiq.FullSerializer.fsData,System.Type,System.Type,object&) (at Ludiq.Core.Runtime/Dependencies/FullSerializer/fsSerializer.cs:675)
Ludiq.FullSerializer.fsReflectedConverter:TryDeserialize (Ludiq.FullSerializer.fsData,object&,System.Type) (at Ludiq.Core.Runtime/Dependencies/FullSerializer/Converters/fsReflectedConverter.cs:97)
Ludiq.FullSerializer.fsSerializer:InternalDeserialize_5_Converter (System.Type,Ludiq.FullSerializer.fsData,System.Type,object&) (at Ludiq.Core.Runtime/Dependencies/FullSerializer/fsSerializer.cs:899)
Ludiq.FullSerializer.fsSerializer:InternalDeserialize_4_Cycles (System.Type,Ludiq.FullSerializer.fsData,System.Type,object&) (at Ludiq.Core.Runtime/Dependencies/FullSerializer/fsSerializer.cs:889)
Ludiq.FullSerializer.fsSerializer:InternalDeserialize_3_Inheritance (System.Type,Ludiq.FullSerializer.fsData,System.Type,object&,System.Collections.Generic.List`1<Ludiq.FullSerializer.fsObjectProcessor>&) (at Ludiq.Core.Runtime/Dependencies/FullSerializer/fsSerializer.cs:864)
Ludiq.FullSerializer.fsSerializer:InternalDeserialize_2_Version (System.Type,Ludiq.FullSerializer.fsData,System.Type,object&,System.Collections.Generic.List`1<Ludiq.FullSerializer.fsObjectProcessor>&) (at Ludiq.Core.Runtime/Dependencies/FullSerializer/fsSerializer.cs:768)
Ludiq.FullSerializer.fsSerializer:InternalDeserialize_1_CycleReference (System.Type,Ludiq.FullSerializer.fsData,System.Type,object&,System.Collections.Generic.List`1<Ludiq.FullSerializer.fsObjectProcessor>&) (at Ludiq.Core.Runtime/Dependencies/FullSerializer/fsSerializer.cs:713)
Ludiq.FullSerializer.fsSerializer:TryDeserialize (Ludiq.FullSerializer.fsData,System.Type,System.Type,object&) (at Ludiq.Core.Runtime/Dependencies/FullSerializer/fsSerializer.cs:666)
Ludiq.Serialization:DeserializeJson (Ludiq.FullSerializer.fsSerializer,string,object&,bool) (at Ludiq.Core.Runtime/Serialization/Serialization.cs:171)
Ludiq.Serialization:DeserializeInto (Ludiq.SerializationData,object&,bool) (at Ludiq.Core.Runtime/Serialization/Serialization.cs:113)
Ludiq.LudiqScriptableObject:UnityEngine.ISerializationCallbackReceiver.OnAfterDeserialize () (at Ludiq.Core.Runtime/Unity/LudiqScriptableObject.cs:50)

(Filename: Bolt.Flow.Runtime/Connections/UnitConnection.cs Line: 146)

Could not load connection between 'Out' of 'SuperUnit#063dd...' and 'object' of 'GetVariable#b9028...'.
UnityEngine.StackTraceUtility:ExtractStackTrace ()
UnityEngine.DebugLogHandler:LogFormat (UnityEngine.LogType,UnityEngine.Object,string,object[])
UnityEngine.Logger:Log (UnityEngine.LogType,object)
UnityEngine.Debug:LogWarning (object)
Bolt.UnitConnection`2<Bolt.ValueOutput, Bolt.ValueInput>:HandleDependencies () (at Bolt.Flow.Runtime/Connections/UnitConnection.cs:146)
Ludiq.Graph:OnAfterDependenciesDeserialized () (at Ludiq.Graphs.Runtime/Graph.cs:117)
Ludiq.Serialization:CheckIfDependenciesMet (Ludiq.ISerializationDepender) (at Ludiq.Core.Runtime/Serialization/Serialization.cs:296)
Ludiq.Serialization:AwaitDependencies (Ludiq.ISerializationDepender) (at Ludiq.Core.Runtime/Serialization/Serialization.cs:236)
Ludiq.Graph:OnAfterDeserialize () (at Ludiq.Graphs.Runtime/Graph.cs:98)
Ludiq.FullSerializer.fsSerializationCallbackReceiverProcessor:OnAfterDeserialize (System.Type,object) (at Ludiq.Core.Runtime/Dependencies/FullSerializer/fsISerializationCallbacks.cs:127)
Ludiq.FullSerializer.fsSerializer:Invoke_OnAfterDeserialize (System.Collections.Generic.List`1<Ludiq.FullSerializer.fsObjectProcessor>,System.Type,object) (at Ludiq.Core.Runtime/Dependencies/FullSerializer/fsSerializer.cs:1190)
Ludiq.FullSerializer.fsSerializer:TryDeserialize (Ludiq.FullSerializer.fsData,System.Type,System.Type,object&) (at Ludiq.Core.Runtime/Dependencies/FullSerializer/fsSerializer.cs:675)
Ludiq.FullSerializer.fsReflectedConverter:TryDeserialize (Ludiq.FullSerializer.fsData,object&,System.Type) (at Ludiq.Core.Runtime/Dependencies/FullSerializer/Converters/fsReflectedConverter.cs:97)
Ludiq.FullSerializer.fsSerializer:InternalDeserialize_5_Converter (System.Type,Ludiq.FullSerializer.fsData,System.Type,object&) (at Ludiq.Core.Runtime/Dependencies/FullSerializer/fsSerializer.cs:899)
Ludiq.FullSerializer.fsSerializer:InternalDeserialize_4_Cycles (System.Type,Ludiq.FullSerializer.fsData,System.Type,object&) (at Ludiq.Core.Runtime/Dependencies/FullSerializer/fsSerializer.cs:889)
Ludiq.FullSerializer.fsSerializer:InternalDeserialize_3_Inheritance (System.Type,Ludiq.FullSerializer.fsData,System.Type,object&,System.Collections.Generic.List`1<Ludiq.FullSerializer.fsObjectProcessor>&) (at Ludiq.Core.Runtime/Dependencies/FullSerializer/fsSerializer.cs:864)
Ludiq.FullSerializer.fsSerializer:InternalDeserialize_2_Version (System.Type,Ludiq.FullSerializer.fsData,System.Type,object&,System.Collections.Generic.List`1<Ludiq.FullSerializer.fsObjectProcessor>&) (at Ludiq.Core.Runtime/Dependencies/FullSerializer/fsSerializer.cs:768)
Ludiq.FullSerializer.fsSerializer:InternalDeserialize_1_CycleReference (System.Type,Ludiq.FullSerializer.fsData,System.Type,object&,System.Collections.Generic.List`1<Ludiq.FullSerializer.fsObjectProcessor>&) (at Ludiq.Core.Runtime/Dependencies/FullSerializer/fsSerializer.cs:713)
Ludiq.FullSerializer.fsSerializer:TryDeserialize (Ludiq.FullSerializer.fsData,System.Type,System.Type,object&) (at Ludiq.Core.Runtime/Dependencies/FullSerializer/fsSerializer.cs:666)
Ludiq.Serialization:DeserializeJson (Ludiq.FullSerializer.fsSerializer,string,object&,bool) (at Ludiq.Core.Runtime/Serialization/Serialization.cs:171)
Ludiq.Serialization:DeserializeInto (Ludiq.SerializationData,object&,bool) (at Ludiq.Core.Runtime/Serialization/Serialization.cs:113)
Ludiq.LudiqScriptableObject:UnityEngine.ISerializationCallbackReceiver.OnAfterDeserialize () (at Ludiq.Core.Runtime/Unity/LudiqScriptableObject.cs:50)

(Filename: Bolt.Flow.Runtime/Connections/UnitConnection.cs Line: 146)

Could not load connection between 'Out' of 'SuperUnit#063dd...' and '%' of 'SelectOnString#c80fd...'.
UnityEngine.StackTraceUtility:ExtractStackTrace ()
UnityEngine.DebugLogHandler:LogFormat (UnityEngine.LogType,UnityEngine.Object,string,object[])
UnityEngine.Logger:Log (UnityEngine.LogType,object)
UnityEngine.Debug:LogWarning (object)
Bolt.UnitConnection`2<Bolt.ValueOutput, Bolt.ValueInput>:HandleDependencies () (at Bolt.Flow.Runtime/Connections/UnitConnection.cs:146)
Ludiq.Graph:OnAfterDependenciesDeserialized () (at Ludiq.Graphs.Runtime/Graph.cs:117)
Ludiq.Serialization:CheckIfDependenciesMet (Ludiq.ISerializationDepender) (at Ludiq.Core.Runtime/Serialization/Serialization.cs:296)
Ludiq.Serialization:AwaitDependencies (Ludiq.ISerializationDepender) (at Ludiq.Core.Runtime/Serialization/Serialization.cs:236)
Ludiq.Graph:OnAfterDeserialize () (at Ludiq.Graphs.Runtime/Graph.cs:98)
Ludiq.FullSerializer.fsSerializationCallbackReceiverProcessor:OnAfterDeserialize (System.Type,object) (at Ludiq.Core.Runtime/Dependencies/FullSerializer/fsISerializationCallbacks.cs:127)
Ludiq.FullSerializer.fsSerializer:Invoke_OnAfterDeserialize (System.Collections.Generic.List`1<Ludiq.FullSerializer.fsObjectProcessor>,System.Type,object) (at Ludiq.Core.Runtime/Dependencies/FullSerializer/fsSerializer.cs:1190)
Ludiq.FullSerializer.fsSerializer:TryDeserialize (Ludiq.FullSerializer.fsData,System.Type,System.Type,object&) (at Ludiq.Core.Runtime/Dependencies/FullSerializer/fsSerializer.cs:675)
Ludiq.FullSerializer.fsReflectedConverter:TryDeserialize (Ludiq.FullSerializer.fsData,object&,System.Type) (at Ludiq.Core.Runtime/Dependencies/FullSerializer/Converters/fsReflectedConverter.cs:97)
Ludiq.FullSerializer.fsSerializer:InternalDeserialize_5_Converter (System.Type,Ludiq.FullSerializer.fsData,System.Type,object&) (at Ludiq.Core.Runtime/Dependencies/FullSerializer/fsSerializer.cs:899)
Ludiq.FullSerializer.fsSerializer:InternalDeserialize_4_Cycles (System.Type,Ludiq.FullSerializer.fsData,System.Type,object&) (at Ludiq.Core.Runtime/Dependencies/FullSerializer/fsSerializer.cs:889)
Ludiq.FullSerializer.fsSerializer:InternalDeserialize_3_Inheritance (System.Type,Ludiq.FullSerializer.fsData,System.Type,object&,System.Collections.Generic.List`1<Ludiq.FullSerializer.fsObjectProcessor>&) (at Ludiq.Core.Runtime/Dependencies/FullSerializer/fsSerializer.cs:864)
Ludiq.FullSerializer.fsSerializer:InternalDeserialize_2_Version (System.Type,Ludiq.FullSerializer.fsData,System.Type,object&,System.Collections.Generic.List`1<Ludiq.FullSerializer.fsObjectProcessor>&) (at Ludiq.Core.Runtime/Dependencies/FullSerializer/fsSerializer.cs:768)
Ludiq.FullSerializer.fsSerializer:InternalDeserialize_1_CycleReference (System.Type,Ludiq.FullSerializer.fsData,System.Type,object&,System.Collections.Generic.List`1<Ludiq.FullSerializer.fsObjectProcessor>&) (at Ludiq.Core.Runtime/Dependencies/FullSerializer/fsSerializer.cs:713)
Ludiq.FullSerializer.fsSerializer:TryDeserialize (Ludiq.FullSerializer.fsData,System.Type,System.Type,object&) (at Ludiq.Core.Runtime/Dependencies/FullSerializer/fsSerializer.cs:666)
Ludiq.Serialization:DeserializeJson (Ludiq.FullSerializer.fsSerializer,string,object&,bool) (at Ludiq.Core.Runtime/Serialization/Serialization.cs:171)
Ludiq.Serialization:DeserializeInto (Ludiq.SerializationData,object&,bool) (at Ludiq.Core.Runtime/Serialization/Serialization.cs:113)
Ludiq.LudiqScriptableObject:UnityEngine.ISerializationCallbackReceiver.OnAfterDeserialize () (at Ludiq.Core.Runtime/Unity/LudiqScriptableObject.cs:50)

(Filename: Bolt.Flow.Runtime/Connections/UnitConnection.cs Line: 146)

 -> (artifact id: 'd56ae6518456863a65c747734a28eba7') in 0.090226 seconds
  Import took 0.094230 seconds .

========================================================================
Received Prepare
Registering precompiled user dll's ...
Registered in 0.011809 seconds.
Begin MonoManager ReloadAssembly
Native extension for WindowsStandalone target not found
Refreshing native plugins compatible for Editor in 0.74 ms, found 2 plugins.
Preloading 0 native plugins for Editor in 0.00 ms.
Invoked RoslynAnalysisRunner static constructor.
RoslynAnalysisRunner will not be running.
RoslynAnalysisRunner has terminated.
Mono: successfully reloaded assembly
- Completed reload, in  1.385 seconds
Platform modules already initialized, skipping
Refreshing native plugins compatible for Editor in 0.64 ms, found 2 plugins.
Preloading 0 native plugins for Editor in 0.00 ms.
Unloading 1822 Unused Serialized files (Serialized files now loaded: 0)
System memory in use before: 89.1 MB.
System memory in use after: 89.1 MB.

Unloading 28 unused Assets to reduce memory usage. Loaded Objects now: 2358.
Total: 2.401800 ms (FindLiveObjects: 0.248000 ms CreateObjectMapping: 0.054500 ms MarkObjects: 1.960500 ms  DeleteObjects: 0.137300 ms)

========================================================================
Received Prepare
Registering precompiled user dll's ...
Registered in 0.013546 seconds.
Begin MonoManager ReloadAssembly
Native extension for WindowsStandalone target not found
Refreshing native plugins compatible for Editor in 0.67 ms, found 2 plugins.
Preloading 0 native plugins for Editor in 0.00 ms.
Invoked RoslynAnalysisRunner static constructor.
RoslynAnalysisRunner will not be running.
RoslynAnalysisRunner has terminated.
Mono: successfully reloaded assembly
- Completed reload, in  1.706 seconds
Platform modules already initialized, skipping
Refreshing native plugins compatible for Editor in 1.21 ms, found 2 plugins.
Preloading 0 native plugins for Editor in 0.00 ms.
Unloading 1822 Unused Serialized files (Serialized files now loaded: 0)
System memory in use before: 89.1 MB.
System memory in use after: 89.1 MB.

Unloading 28 unused Assets to reduce memory usage. Loaded Objects now: 2362.
Total: 5.174200 ms (FindLiveObjects: 0.735500 ms CreateObjectMapping: 0.350300 ms MarkObjects: 3.837700 ms  DeleteObjects: 0.238600 ms)

========================================================================
Received Prepare
Registering precompiled user dll's ...
Registered in 0.014438 seconds.
Begin MonoManager ReloadAssembly
Native extension for WindowsStandalone target not found
Refreshing native plugins compatible for Editor in 0.79 ms, found 2 plugins.
Preloading 0 native plugins for Editor in 0.00 ms.
Invoked RoslynAnalysisRunner static constructor.
RoslynAnalysisRunner will not be running.
RoslynAnalysisRunner has terminated.
Mono: successfully reloaded assembly
- Completed reload, in  1.679 seconds
Platform modules already initialized, skipping
Refreshing native plugins compatible for Editor in 0.88 ms, found 2 plugins.
Preloading 0 native plugins for Editor in 0.00 ms.
Unloading 1822 Unused Serialized files (Serialized files now loaded: 0)
System memory in use before: 89.1 MB.
System memory in use after: 89.1 MB.

Unloading 28 unused Assets to reduce memory usage. Loaded Objects now: 2366.
Total: 2.884800 ms (FindLiveObjects: 0.259800 ms CreateObjectMapping: 0.057100 ms MarkObjects: 2.421200 ms  DeleteObjects: 0.144800 ms)

========================================================================
Received Prepare
Registering precompiled user dll's ...
Registered in 0.012261 seconds.
Begin MonoManager ReloadAssembly
Native extension for WindowsStandalone target not found
Refreshing native plugins compatible for Editor in 0.62 ms, found 2 plugins.
Preloading 0 native plugins for Editor in 0.00 ms.
Invoked RoslynAnalysisRunner static constructor.
RoslynAnalysisRunner will not be running.
RoslynAnalysisRunner has terminated.
Mono: successfully reloaded assembly
- Completed reload, in  1.569 seconds
Platform modules already initialized, skipping
Refreshing native plugins compatible for Editor in 0.79 ms, found 2 plugins.
Preloading 0 native plugins for Editor in 0.00 ms.
Unloading 1822 Unused Serialized files (Serialized files now loaded: 0)
System memory in use before: 89.1 MB.
System memory in use after: 89.1 MB.

Unloading 28 unused Assets to reduce memory usage. Loaded Objects now: 2370.
Total: 2.930600 ms (FindLiveObjects: 0.261400 ms CreateObjectMapping: 0.047000 ms MarkObjects: 2.463500 ms  DeleteObjects: 0.157000 ms)

========================================================================
Received Prepare
Registering precompiled user dll's ...
Registered in 0.012843 seconds.
Begin MonoManager ReloadAssembly
Native extension for WindowsStandalone target not found
Refreshing native plugins compatible for Editor in 0.70 ms, found 2 plugins.
Preloading 0 native plugins for Editor in 0.00 ms.
Invoked RoslynAnalysisRunner static constructor.
RoslynAnalysisRunner will not be running.
RoslynAnalysisRunner has terminated.
Mono: successfully reloaded assembly
- Completed reload, in  1.660 seconds
Platform modules already initialized, skipping
Refreshing native plugins compatible for Editor in 0.84 ms, found 2 plugins.
Preloading 0 native plugins for Editor in 0.00 ms.
Unloading 1822 Unused Serialized files (Serialized files now loaded: 0)
System memory in use before: 89.2 MB.
System memory in use after: 89.1 MB.

Unloading 28 unused Assets to reduce memory usage. Loaded Objects now: 2374.
Total: 4.061200 ms (FindLiveObjects: 0.467800 ms CreateObjectMapping: 0.149300 ms MarkObjects: 3.148700 ms  DeleteObjects: 0.293400 ms)

========================================================================
Received Prepare
Registering precompiled user dll's ...
Registered in 0.013811 seconds.
Begin MonoManager ReloadAssembly
Native extension for WindowsStandalone target not found
Refreshing native plugins compatible for Editor in 0.64 ms, found 2 plugins.
Preloading 0 native plugins for Editor in 0.00 ms.
Invoked RoslynAnalysisRunner static constructor.
RoslynAnalysisRunner will not be running.
RoslynAnalysisRunner has terminated.
Mono: successfully reloaded assembly
- Completed reload, in  1.828 seconds
Platform modules already initialized, skipping
Refreshing native plugins compatible for Editor in 1.00 ms, found 2 plugins.
Preloading 0 native plugins for Editor in 0.00 ms.
Unloading 1822 Unused Serialized files (Serialized files now loaded: 0)
System memory in use before: 89.2 MB.
System memory in use after: 89.2 MB.

Unloading 28 unused Assets to reduce memory usage. Loaded Objects now: 2378.
Total: 3.597500 ms (FindLiveObjects: 0.347900 ms CreateObjectMapping: 0.085900 ms MarkObjects: 2.995400 ms  DeleteObjects: 0.165900 ms)

========================================================================
Received Prepare
Registering precompiled user dll's ...
Registered in 0.015386 seconds.
Begin MonoManager ReloadAssembly
Native extension for WindowsStandalone target not found
Refreshing native plugins compatible for Editor in 0.96 ms, found 2 plugins.
Preloading 0 native plugins for Editor in 0.00 ms.
Invoked RoslynAnalysisRunner static constructor.
RoslynAnalysisRunner will not be running.
RoslynAnalysisRunner has terminated.
Mono: successfully reloaded assembly
- Completed reload, in  1.915 seconds
Platform modules already initialized, skipping
Refreshing native plugins compatible for Editor in 0.67 ms, found 2 plugins.
Preloading 0 native plugins for Editor in 0.00 ms.
Unloading 1822 Unused Serialized files (Serialized files now loaded: 0)
System memory in use before: 89.2 MB.
System memory in use after: 89.2 MB.

Unloading 28 unused Assets to reduce memory usage. Loaded Objects now: 2382.
Total: 3.759400 ms (FindLiveObjects: 0.586100 ms CreateObjectMapping: 0.240900 ms MarkObjects: 2.754900 ms  DeleteObjects: 0.175800 ms)

========================================================================
Received Prepare
Registering precompiled user dll's ...
Registered in 0.012708 seconds.
Begin MonoManager ReloadAssembly
Native extension for WindowsStandalone target not found
Refreshing native plugins compatible for Editor in 0.67 ms, found 2 plugins.
Preloading 0 native plugins for Editor in 0.00 ms.
Invoked RoslynAnalysisRunner static constructor.
RoslynAnalysisRunner will not be running.
RoslynAnalysisRunner has terminated.
Mono: successfully reloaded assembly
- Completed reload, in  1.448 seconds
Platform modules already initialized, skipping
Refreshing native plugins compatible for Editor in 0.61 ms, found 2 plugins.
Preloading 0 native plugins for Editor in 0.00 ms.
Unloading 1822 Unused Serialized files (Serialized files now loaded: 0)
System memory in use before: 89.2 MB.
System memory in use after: 89.2 MB.

Unloading 28 unused Assets to reduce memory usage. Loaded Objects now: 2386.
Total: 3.435000 ms (FindLiveObjects: 0.395400 ms CreateObjectMapping: 0.095800 ms MarkObjects: 2.776300 ms  DeleteObjects: 0.165400 ms)

========================================================================
Received Prepare
Registering precompiled user dll's ...
Registered in 0.011150 seconds.
Begin MonoManager ReloadAssembly
Native extension for WindowsStandalone target not found
Refreshing native plugins compatible for Editor in 0.64 ms, found 2 plugins.
Preloading 0 native plugins for Editor in 0.00 ms.
Invoked RoslynAnalysisRunner static constructor.
RoslynAnalysisRunner will not be running.
RoslynAnalysisRunner has terminated.
Mono: successfully reloaded assembly
- Completed reload, in  1.495 seconds
Platform modules already initialized, skipping
Refreshing native plugins compatible for Editor in 0.60 ms, found 2 plugins.
Preloading 0 native plugins for Editor in 0.00 ms.
Unloading 1822 Unused Serialized files (Serialized files now loaded: 0)
System memory in use before: 89.2 MB.
System memory in use after: 89.2 MB.

Unloading 28 unused Assets to reduce memory usage. Loaded Objects now: 2390.
Total: 3.370500 ms (FindLiveObjects: 0.402600 ms CreateObjectMapping: 0.113700 ms MarkObjects: 2.683100 ms  DeleteObjects: 0.169200 ms)

========================================================================
Received Prepare
Registering precompiled user dll's ...
Registered in 0.013312 seconds.
Begin MonoManager ReloadAssembly
Native extension for WindowsStandalone target not found
Refreshing native plugins compatible for Editor in 0.62 ms, found 2 plugins.
Preloading 0 native plugins for Editor in 0.00 ms.
Invoked RoslynAnalysisRunner static constructor.
RoslynAnalysisRunner will not be running.
RoslynAnalysisRunner has terminated.
Mono: successfully reloaded assembly
- Completed reload, in  1.532 seconds
Platform modules already initialized, skipping
Refreshing native plugins compatible for Editor in 0.75 ms, found 2 plugins.
Preloading 0 native plugins for Editor in 0.00 ms.
Unloading 1822 Unused Serialized files (Serialized files now loaded: 0)
System memory in use before: 89.2 MB.
System memory in use after: 89.2 MB.

Unloading 28 unused Assets to reduce memory usage. Loaded Objects now: 2394.
Total: 3.799700 ms (FindLiveObjects: 0.516500 ms CreateObjectMapping: 0.149500 ms MarkObjects: 2.953300 ms  DeleteObjects: 0.178900 ms)

========================================================================
Received Prepare
Registering precompiled user dll's ...
Registered in 0.012434 seconds.
Begin MonoManager ReloadAssembly
Native extension for WindowsStandalone target not found
Refreshing native plugins compatible for Editor in 0.81 ms, found 2 plugins.
Preloading 0 native plugins for Editor in 0.00 ms.
Invoked RoslynAnalysisRunner static constructor.
RoslynAnalysisRunner will not be running.
RoslynAnalysisRunner has terminated.
Mono: successfully reloaded assembly
- Completed reload, in  1.760 seconds
Platform modules already initialized, skipping
Refreshing native plugins compatible for Editor in 0.61 ms, found 2 plugins.
Preloading 0 native plugins for Editor in 0.00 ms.
Unloading 1822 Unused Serialized files (Serialized files now loaded: 0)
System memory in use before: 89.2 MB.
System memory in use after: 89.2 MB.

Unloading 28 unused Assets to reduce memory usage. Loaded Objects now: 2398.
Total: 5.083600 ms (FindLiveObjects: 0.420000 ms CreateObjectMapping: 0.126300 ms MarkObjects: 4.301900 ms  DeleteObjects: 0.231700 ms)

========================================================================
Received Prepare
Registering precompiled user dll's ...
Registered in 0.010994 seconds.
Begin MonoManager ReloadAssembly
Native extension for WindowsStandalone target not found
Refreshing native plugins compatible for Editor in 0.84 ms, found 2 plugins.
Preloading 0 native plugins for Editor in 0.00 ms.
Invoked RoslynAnalysisRunner static constructor.
RoslynAnalysisRunner will not be running.
RoslynAnalysisRunner has terminated.
Mono: successfully reloaded assembly
- Completed reload, in  1.556 seconds
Platform modules already initialized, skipping
Refreshing native plugins compatible for Editor in 0.57 ms, found 2 plugins.
Preloading 0 native plugins for Editor in 0.00 ms.
Unloading 1822 Unused Serialized files (Serialized files now loaded: 0)
System memory in use before: 89.2 MB.
System memory in use after: 89.2 MB.

Unloading 28 unused Assets to reduce memory usage. Loaded Objects now: 2402.
Total: 3.257100 ms (FindLiveObjects: 0.623300 ms CreateObjectMapping: 0.212300 ms MarkObjects: 2.251200 ms  DeleteObjects: 0.168100 ms)

========================================================================
Received Import Request.
  Time since last request: 5176.513710 seconds.
  path: Assets/Macro/Super/Buy.asset
  artifactKey: Guid(f664b3ddd9d346248a9c16a596bbc9c9) Importer(815301076,1909f56bfc062723c751e8b465ee728b)
Start importing Assets/Macro/Super/Buy.asset using Guid(f664b3ddd9d346248a9c16a596bbc9c9) Importer(815301076,1909f56bfc062723c751e8b465ee728b)  -> (artifact id: '8907592b02c0927a62866befcf4702a7') in 0.571574 seconds
  Import took 0.575172 seconds .

========================================================================
Received Import Request.
  Time since last request: 0.000270 seconds.
  path: Assets/Macro/Super/TeamValue.asset
  artifactKey: Guid(0589a94edd527e544ab4b92266094f59) Importer(815301076,1909f56bfc062723c751e8b465ee728b)
Start importing Assets/Macro/Super/TeamValue.asset using Guid(0589a94edd527e544ab4b92266094f59) Importer(815301076,1909f56bfc062723c751e8b465ee728b)  -> (artifact id: 'a2f928fa0a0846bc22d702b7d11a5894') in 0.005825 seconds
  Import took 0.009084 seconds .

AssetImportWorkerClient::OnTransportError - code=2 error=End of file
